[    0.000000] Linux version 4.15.0-118-generic (buildd@lgw01-amd64-039) (gcc version 7.5.0 (Ubuntu 7.5.0-3ubuntu1~18.04)) #119-Ubuntu SMP Tue Sep 8 12:30:01 UTC 2020 (Ubuntu 4.15.0-118.119-generic 4.15.18)
[    0.000000] Command line: BOOT_IMAGE=/boot/vmlinuz-4.15.0-118-generic root=LABEL=cloudimg-rootfs ro console=tty1 console=ttyS0
[    0.000000] KERNEL supported cpus:
[    0.000000]   Intel GenuineIntel
[    0.000000]   AMD AuthenticAMD
[    0.000000]   Centaur CentaurHauls
[    0.000000] x86/fpu: Supporting XSAVE feature 0x001: 'x87 floating point registers'
[    0.000000] x86/fpu: Supporting XSAVE feature 0x002: 'SSE registers'
[    0.000000] x86/fpu: Supporting XSAVE feature 0x004: 'AVX registers'
[    0.000000] x86/fpu: xstate_offset[2]:  576, xstate_sizes[2]:  256
[    0.000000] x86/fpu: Enabled xstate features 0x7, context size is 832 bytes, using 'standard' format.
[    0.000000] e820: BIOS-provided physical RAM map:
[    0.000000] BIOS-e820: [mem 0x0000000000000000-0x000000000009fbff] usable
[    0.000000] BIOS-e820: [mem 0x000000000009fc00-0x000000000009ffff] reserved
[    0.000000] BIOS-e820: [mem 0x00000000000f0000-0x00000000000fffff] reserved
[    0.000000] BIOS-e820: [mem 0x0000000000100000-0x000000003ffeffff] usable
[    0.000000] BIOS-e820: [mem 0x000000003fff0000-0x000000003fffffff] ACPI data
[    0.000000] BIOS-e820: [mem 0x00000000fec00000-0x00000000fec00fff] reserved
[    0.000000] BIOS-e820: [mem 0x00000000fee00000-0x00000000fee00fff] reserved
[    0.000000] BIOS-e820: [mem 0x00000000fffc0000-0x00000000ffffffff] reserved
[    0.000000] NX (Execute Disable) protection: active
[    0.000000] SMBIOS 2.5 present.
[    0.000000] DMI: innotek GmbH VirtualBox/VirtualBox, BIOS VirtualBox 12/01/2006
[    0.000000] Hypervisor detected: KVM
[    0.000000] e820: last_pfn = 0x3fff0 max_arch_pfn = 0x400000000
[    0.000000] MTRR: Disabled
[    0.000000] x86/PAT: MTRRs disabled, skipping PAT initialization too.
[    0.000000] CPU MTRRs all blank - virtualized system.
[    0.000000] x86/PAT: Configuration [0-7]: WB  WT  UC- UC  WB  WT  UC- UC  
[    0.000000] found SMP MP-table at [mem 0x0009fff0-0x0009ffff]
[    0.000000] Scanning 1 areas for low memory corruption
[    0.000000] RAMDISK: [mem 0x35953000-0x36ca0fff]
[    0.000000] ACPI: Early table checksum verification disabled
[    0.000000] ACPI: RSDP 0x00000000000E0000 000024 (v02 VBOX  )
[    0.000000] ACPI: XSDT 0x000000003FFF0030 00003C (v01 VBOX   VBOXXSDT 00000001 ASL  00000061)
[    0.000000] ACPI: FACP 0x000000003FFF00F0 0000F4 (v04 VBOX   VBOXFACP 00000001 ASL  00000061)
[    0.000000] ACPI: DSDT 0x000000003FFF0470 0022EA (v02 VBOX   VBOXBIOS 00000002 INTL 20180105)
[    0.000000] ACPI: FACS 0x000000003FFF0200 000040
[    0.000000] ACPI: FACS 0x000000003FFF0200 000040
[    0.000000] ACPI: APIC 0x000000003FFF0240 000054 (v02 VBOX   VBOXAPIC 00000001 ASL  00000061)
[    0.000000] ACPI: SSDT 0x000000003FFF02A0 0001CC (v01 VBOX   VBOXCPUT 00000002 INTL 20180105)
[    0.000000] No NUMA configuration found
[    0.000000] Faking a node at [mem 0x0000000000000000-0x000000003ffeffff]
[    0.000000] NODE_DATA(0) allocated [mem 0x3ffc5000-0x3ffeffff]
[    0.000000] kvm-clock: cpu 0, msr 0:3ff44001, primary cpu clock
[    0.000000] kvm-clock: Using msrs 4b564d01 and 4b564d00
[    0.000000] kvm-clock: using sched offset of 3395968056 cycles
[    0.000000] clocksource: kvm-clock: mask: 0xffffffffffffffff max_cycles: 0x1cd42e4dffb, max_idle_ns: 881590591483 ns
[    0.000000] Zone ranges:
[    0.000000]   DMA      [mem 0x0000000000001000-0x0000000000ffffff]
[    0.000000]   DMA32    [mem 0x0000000001000000-0x000000003ffeffff]
[    0.000000]   Normal   empty
[    0.000000]   Device   empty
[    0.000000] Movable zone start for each node
[    0.000000] Early memory node ranges
[    0.000000]   node   0: [mem 0x0000000000001000-0x000000000009efff]
[    0.000000]   node   0: [mem 0x0000000000100000-0x000000003ffeffff]
[    0.000000] Reserved but unavailable: 98 pages
[    0.000000] Initmem setup node 0 [mem 0x0000000000001000-0x000000003ffeffff]
[    0.000000] ACPI: PM-Timer IO Port: 0x4008
[    0.000000] IOAPIC[0]: apic_id 1, version 32, address 0xfec00000, GSI 0-23
[    0.000000] ACPI: INT_SRC_OVR (bus 0 bus_irq 0 global_irq 2 dfl dfl)
[    0.000000] ACPI: INT_SRC_OVR (bus 0 bus_irq 9 global_irq 9 low level)
[    0.000000] Using ACPI (MADT) for SMP configuration information
[    0.000000] smpboot: Allowing 1 CPUs, 0 hotplug CPUs
[    0.000000] PM: Registered nosave memory: [mem 0x00000000-0x00000fff]
[    0.000000] PM: Registered nosave memory: [mem 0x0009f000-0x0009ffff]
[    0.000000] PM: Registered nosave memory: [mem 0x000a0000-0x000effff]
[    0.000000] PM: Registered nosave memory: [mem 0x000f0000-0x000fffff]
[    0.000000] e820: [mem 0x40000000-0xfebfffff] available for PCI devices
[    0.000000] Booting paravirtualized kernel on KVM
[    0.000000] clocksource: refined-jiffies: mask: 0xffffffff max_cycles: 0xffffffff, max_idle_ns: 7645519600211568 ns
[    0.000000] random: get_random_bytes called from start_kernel+0x99/0x500 with crng_init=0
[    0.000000] setup_percpu: NR_CPUS:8192 nr_cpumask_bits:1 nr_cpu_ids:1 nr_node_ids:1
[    0.000000] percpu: Embedded 45 pages/cpu s147456 r8192 d28672 u2097152
[    0.000000] PV qspinlock hash table entries: 256 (order: 0, 4096 bytes)
[    0.000000] Built 1 zonelists, mobility grouping on.  Total pages: 257913
[    0.000000] Policy zone: DMA32
[    0.000000] Kernel command line: BOOT_IMAGE=/boot/vmlinuz-4.15.0-118-generic root=LABEL=cloudimg-rootfs ro console=tty1 console=ttyS0
[    0.000000] Memory: 982660K/1048120K available (12300K kernel code, 2482K rwdata, 4272K rodata, 2436K init, 2724K bss, 65460K reserved, 0K cma-reserved)
[    0.000000] SLUB: HWalign=64, Order=0-3, MinObjects=0, CPUs=1, Nodes=1
[    0.000000] Kernel/User page tables isolation: enabled
[    0.000000] ftrace: allocating 39396 entries in 154 pages
[    0.004000] Hierarchical RCU implementation.
[    0.004000] 	RCU restricting CPUs from NR_CPUS=8192 to nr_cpu_ids=1.
[    0.004000] 	Tasks RCU enabled.
[    0.004000] RCU: Adjusting geometry for rcu_fanout_leaf=16, nr_cpu_ids=1
[    0.004000] NR_IRQS: 524544, nr_irqs: 256, preallocated irqs: 16
[    0.004000] Console: colour VGA+ 80x25
[    0.004000] console [tty1] enabled
[    0.004000] console [ttyS0] enabled
[    0.004000] ACPI: Core revision 20170831
[    0.004000] ACPI: 2 ACPI AML tables successfully acquired and loaded
[    0.004000] APIC: Switch to symmetric I/O mode setup
[    0.004000] x2apic enabled
[    0.004000] Switched APIC routing to physical x2apic.
[    0.004000] ..TIMER: vector=0x30 apic1=0 pin1=2 apic2=-1 pin2=-1
[    0.004000] tsc: Detected 3407.998 MHz processor
[    0.004000] Calibrating delay loop (skipped) preset value.. 6815.99 BogoMIPS (lpj=13631992)
[    0.004006] pid_max: default: 32768 minimum: 301
[    0.004824] Security Framework initialized
[    0.005815] Yama: becoming mindful.
[    0.006433] AppArmor: AppArmor initialized
[    0.008539] Dentry cache hash table entries: 131072 (order: 8, 1048576 bytes)
[    0.009708] Inode-cache hash table entries: 65536 (order: 7, 524288 bytes)
[    0.010573] Mount-cache hash table entries: 2048 (order: 2, 16384 bytes)
[    0.011384] Mountpoint-cache hash table entries: 2048 (order: 2, 16384 bytes)
[    0.012213] process: using mwait in idle threads
[    0.012879] Last level iTLB entries: 4KB 64, 2MB 8, 4MB 8
[    0.013659] Last level dTLB entries: 4KB 64, 2MB 0, 4MB 0, 1GB 4
[    0.014490] Spectre V1 : Mitigation: usercopy/swapgs barriers and __user pointer sanitization
[    0.016002] Spectre V2 : Mitigation: Full generic retpoline
[    0.016775] Spectre V2 : Spectre v2 / SpectreRSB mitigation: Filling RSB on context switch
[    0.017930] Speculative Store Bypass: Vulnerable
[    0.018621] SRBDS: Unknown: Dependent on hypervisor status
[    0.019382] MDS: Mitigation: Clear CPU buffers
[    0.031568] Freeing SMP alternatives memory: 36K
[    0.142307] smpboot: CPU0: Intel(R) Core(TM) i7-6700 CPU @ 3.40GHz (family: 0x6, model: 0x5e, stepping: 0x3)
[    0.143790] Performance Events: unsupported p6 CPU model 94 no PMU driver, software events only.
[    0.144000] Hierarchical SRCU implementation.
[    0.144000] NMI watchdog: Perf event create on CPU 0 failed with -2
[    0.144002] NMI watchdog: Perf NMI watchdog permanently disabled
[    0.144871] smp: Bringing up secondary CPUs ...
[    0.145526] smp: Brought up 1 node, 1 CPU
[    0.146112] smpboot: Max logical packages: 1
[    0.146742] smpboot: Total of 1 processors activated (6815.99 BogoMIPS)
[    0.148098] devtmpfs: initialized
[    0.148651] x86/mm: Memory block size: 128MB
[    0.149382] evm: security.selinux
[    0.149888] evm: security.SMACK64
[    0.150393] evm: security.SMACK64EXEC
[    0.150969] evm: security.SMACK64TRANSMUTE
[    0.152003] evm: security.SMACK64MMAP
[    0.152567] evm: security.apparmor
[    0.152989] evm: security.ima
[    0.153363] evm: security.capability
[    0.153899] clocksource: jiffies: mask: 0xffffffff max_cycles: 0xffffffff, max_idle_ns: 7645041785100000 ns
[    0.155007] futex hash table entries: 256 (order: 2, 16384 bytes)
[    0.155753] pinctrl core: initialized pinctrl subsystem
[    0.156085] RTC time: 14:49:07, date: 10/22/20
[    0.156672] NET: Registered protocol family 16
[    0.157243] audit: initializing netlink subsys (disabled)
[    0.157946] cpuidle: using governor ladder
[    0.158442] cpuidle: using governor menu
[    0.158938] ACPI: bus type PCI registered
[    0.159413] acpiphp: ACPI Hot Plug PCI Controller Driver version: 0.5
[    0.160006] audit: type=2000 audit(1603378152.974:1): state=initialized audit_enabled=0 res=1
[    0.161037] PCI: Using configuration type 1 for base access
[    0.162419] HugeTLB registered 2.00 MiB page size, pre-allocated 0 pages
[    0.164098] ACPI: Added _OSI(Module Device)
[    0.164597] ACPI: Added _OSI(Processor Device)
[    0.165116] ACPI: Added _OSI(3.0 _SCP Extensions)
[    0.165657] ACPI: Added _OSI(Processor Aggregator Device)
[    0.166267] ACPI: Added _OSI(Linux-Dell-Video)
[    0.166783] ACPI: Added _OSI(Linux-Lenovo-NV-HDMI-Audio)
[    0.167411] ACPI: Added _OSI(Linux-HPI-Hybrid-Graphics)
[    0.168195] ACPI: Executed 1 blocks of module-level executable AML code
[    0.172206] ACPI: Interpreter enabled
[    0.172738] ACPI: (supports S0 S5)
[    0.173177] ACPI: Using IOAPIC for interrupt routing
[    0.173931] PCI: Using host bridge windows from ACPI; if necessary, use "pci=nocrs" and report a bug
[    0.175097] ACPI: Enabled 2 GPEs in block 00 to 07
[    0.179745] ACPI: PCI Root Bridge [PCI0] (domain 0000 [bus 00-ff])
[    0.180005] acpi PNP0A03:00: _OSC: OS supports [ASPM ClockPM Segments MSI]
[    0.181162] acpi PNP0A03:00: _OSC: not requesting OS control; OS requires [ExtendedConfig ASPM ClockPM MSI]
[    0.182279] acpi PNP0A03:00: fail to add MMCONFIG information, can't access extended PCI configuration space under this bridge.
[    0.184216] PCI host bridge to bus 0000:00
[    0.184729] pci_bus 0000:00: root bus resource [io  0x0000-0x0cf7 window]
[    0.185503] pci_bus 0000:00: root bus resource [io  0x0d00-0xffff window]
[    0.186313] pci_bus 0000:00: root bus resource [mem 0x000a0000-0x000bffff window]
[    0.187190] pci_bus 0000:00: root bus resource [mem 0x40000000-0xfdffffff window]
[    0.188000] pci_bus 0000:00: root bus resource [bus 00-ff]
[    0.189321] pci 0000:00:01.1: legacy IDE quirk: reg 0x10: [io  0x01f0-0x01f7]
[    0.190130] pci 0000:00:01.1: legacy IDE quirk: reg 0x14: [io  0x03f6]
[    0.190898] pci 0000:00:01.1: legacy IDE quirk: reg 0x18: [io  0x0170-0x0177]
[    0.192002] pci 0000:00:01.1: legacy IDE quirk: reg 0x1c: [io  0x0376]
[    0.202123] pci 0000:00:07.0: quirk: [io  0x4000-0x403f] claimed by PIIX4 ACPI
[    0.203078] pci 0000:00:07.0: quirk: [io  0x4100-0x410f] claimed by PIIX4 SMB
[    0.209446] ACPI: PCI Interrupt Link [LNKA] (IRQs 5 9 10 *11)
[    0.210357] ACPI: PCI Interrupt Link [LNKB] (IRQs 5 9 *10 11)
[    0.211121] ACPI: PCI Interrupt Link [LNKC] (IRQs 5 *9 10 11)
[    0.211901] ACPI: PCI Interrupt Link [LNKD] (IRQs 5 9 10 *11)
[    0.212287] SCSI subsystem initialized
[    0.212860] pci 0000:00:02.0: vgaarb: setting as boot VGA device
[    0.213564] pci 0000:00:02.0: vgaarb: VGA device added: decodes=io+mem,owns=io+mem,locks=none
[    0.214555] pci 0000:00:02.0: vgaarb: bridge control possible
[    0.215236] vgaarb: loaded
[    0.216021] ACPI: bus type USB registered
[    0.216522] usbcore: registered new interface driver usbfs
[    0.217160] usbcore: registered new interface driver hub
[    0.217782] usbcore: registered new device driver usb
[    0.218424] EDAC MC: Ver: 3.0.0
[    0.219079] PCI: Using ACPI for IRQ routing
[    0.220100] NetLabel: Initializing
[    0.220541] NetLabel:  domain hash size = 128
[    0.221064] NetLabel:  protocols = UNLABELED CIPSOv4 CALIPSO
[    0.221755] NetLabel:  unlabeled traffic allowed by default
[    0.222500] clocksource: Switched to clocksource kvm-clock
[    0.228122] VFS: Disk quotas dquot_6.6.0
[    0.228807] VFS: Dquot-cache hash table entries: 512 (order 0, 4096 bytes)
[    0.229655] AppArmor: AppArmor Filesystem Enabled
[    0.230238] pnp: PnP ACPI init
[    0.231341] pnp: PnP ACPI: found 3 devices
[    0.237054] clocksource: acpi_pm: mask: 0xffffff max_cycles: 0xffffff, max_idle_ns: 2085701024 ns
[    0.238176] NET: Registered protocol family 2
[    0.238838] TCP established hash table entries: 8192 (order: 4, 65536 bytes)
[    0.239678] TCP bind hash table entries: 8192 (order: 5, 131072 bytes)
[    0.240470] TCP: Hash tables configured (established 8192 bind 8192)
[    0.241234] UDP hash table entries: 512 (order: 2, 16384 bytes)
[    0.241948] UDP-Lite hash table entries: 512 (order: 2, 16384 bytes)
[    0.242710] NET: Registered protocol family 1
[    0.243374] pci 0000:00:00.0: Limiting direct PCI/PCI transfers
[    0.244242] pci 0000:00:01.0: Activating ISA DMA hang workarounds
[    0.245137] pci 0000:00:02.0: Video device with shadowed ROM at [mem 0x000c0000-0x000dffff]
[    0.246414] Unpacking initramfs...
[    0.472762] Freeing initrd memory: 19768K
[    0.476996] clocksource: tsc: mask: 0xffffffffffffffff max_cycles: 0x311fd208cfc, max_idle_ns: 440795283699 ns
[    0.478429] platform rtc_cmos: registered platform RTC device (no PNP device found)
[    0.479561] Scanning for low memory corruption every 60 seconds
[    0.481125] Initialise system trusted keyrings
[    0.481798] Key type blacklist registered
[    0.482425] workingset: timestamp_bits=36 max_order=18 bucket_order=0
[    0.484028] zbud: loaded
[    0.484878] squashfs: version 4.0 (2009/01/31) Phillip Lougher
[    0.485702] fuse init (API version 7.26)
[    0.486745] Key type asymmetric registered
[    0.487286] Asymmetric key parser 'x509' registered
[    0.487877] Block layer SCSI generic (bsg) driver version 0.4 loaded (major 246)
[    0.488799] io scheduler noop registered
[    0.489272] io scheduler deadline registered
[    0.489844] io scheduler cfq registered (default)
[    0.490560] ACPI: AC Adapter [AC] (on-line)
[    0.491100] input: Power Button as /devices/LNXSYSTM:00/LNXPWRBN:00/input/input0
[    0.491968] ACPI: Power Button [PWRF]
[    0.492476] input: Sleep Button as /devices/LNXSYSTM:00/LNXSLPBN:00/input/input1
[    0.493341] ACPI: Sleep Button [SLPF]
[    0.493942] Serial: 8250/16550 driver, 32 ports, IRQ sharing enabled
[    0.515188] 00:02: ttyS0 at I/O 0x3f8 (irq = 4, base_baud = 115200) is a 16550A
[    0.517136] Linux agpgart interface v0.103
[    0.518693] loop: module loaded
[    0.519440] scsi host0: ata_piix
[    0.519888] scsi host1: ata_piix
[    0.520338] ata1: PATA max UDMA/33 cmd 0x1f0 ctl 0x3f6 bmdma 0xd000 irq 14
[    0.521111] ata2: PATA max UDMA/33 cmd 0x170 ctl 0x376 bmdma 0xd008 irq 15
[    0.522161] libphy: Fixed MDIO Bus: probed
[    0.522670] tun: Universal TUN/TAP device driver, 1.6
[    0.523275] PPP generic driver version 2.4.2
[    0.523809] ehci_hcd: USB 2.0 'Enhanced' Host Controller (EHCI) Driver
[    0.524563] ehci-pci: EHCI PCI platform driver
[    0.525103] ehci-platform: EHCI generic platform driver
[    0.525709] ohci_hcd: USB 1.1 'Open' Host Controller (OHCI) Driver
[    0.526404] ohci-pci: OHCI PCI platform driver
[    0.526972] ohci-platform: OHCI generic platform driver
[    0.527572] uhci_hcd: USB Universal Host Controller Interface driver
[    0.528505] i8042: PNP: PS/2 Controller [PNP0303:PS2K,PNP0f03:PS2M] at 0x60,0x64 irq 1,12
[    0.529825] serio: i8042 KBD port at 0x60,0x64 irq 1
[    0.530420] serio: i8042 AUX port at 0x60,0x64 irq 12
[    0.531058] mousedev: PS/2 mouse device common for all mice
[    0.531853] input: AT Translated Set 2 keyboard as /devices/platform/i8042/serio0/input/input2
[    0.533187] rtc_cmos rtc_cmos: rtc core: registered rtc_cmos as rtc0
[    0.533953] rtc_cmos rtc_cmos: alarms up to one day, 114 bytes nvram
[    0.534668] i2c /dev entries driver
[    0.535122] device-mapper: uevent: version 1.0.3
[    0.535701] device-mapper: ioctl: 4.37.0-ioctl (2017-09-20) initialised: dm-devel@redhat.com
[    0.536683] ledtrig-cpu: registered to indicate activity on CPUs
[    0.537441] intel_pmc_core:  initialized
[    0.538032] NET: Registered protocol family 10
[    0.540932] Segment Routing with IPv6
[    0.541411] NET: Registered protocol family 17
[    0.541965] Key type dns_resolver registered
[    0.542559] mce: Using 0 MCE banks
[    0.542989] RAS: Correctable Errors collector initialized.
[    0.543628] sched_clock: Marking stable (540068636, 0)->(641083356, -101014720)
[    0.544597] registered taskstats version 1
[    0.545099] Loading compiled-in X.509 certificates
[    0.547101] Loaded X.509 cert 'Build time autogenerated kernel key: 12f2d460e247d21dc5d156478bb7d4abc0f5a070'
[    0.548238] zswap: loaded using pool lzo/zbud
[    0.550837] Key type big_key registered
[    0.551349] Key type trusted registered
[    0.552866] Key type encrypted registered
[    0.553356] AppArmor: AppArmor sha1 policy hashing enabled
[    0.553984] ima: No TPM chip found, activating TPM-bypass! (rc=-19)
[    0.554692] ima: Allocated hash algorithm: sha1
[    0.555229] evm: HMAC attrs: 0x1
[    0.555808]   Magic number: 8:949:839
[    0.556355] rtc_cmos rtc_cmos: setting system clock to 2020-10-22 14:49:08 UTC (1603378148)
[    0.557386] BIOS EDD facility v0.16 2004-Jun-25, 0 devices found
[    0.558069] EDD information not available.
[    0.689669] Freeing unused kernel image memory: 2436K
[    0.700010] Write protecting the kernel read-only data: 20480k
[    0.701014] Freeing unused kernel image memory: 2008K
[    0.701810] Freeing unused kernel image memory: 1872K
[    0.707742] x86/mm: Checked W+X mappings: passed, no W+X pages found.
[    0.708492] x86/mm: Checking user space page tables
[    0.714339] x86/mm: Checked W+X mappings: passed, no W+X pages found.
Loading, please wait...
starting version 237
[    0.800524] e1000: Intel(R) PRO/1000 Network Driver - version 7.3.21-k8-NAPI
[    0.801365] e1000: Copyright (c) 1999-2006 Intel Corporation.
[    0.805620] Fusion MPT base driver 3.04.20
[    0.806163] Copyright (c) 1999-2008 LSI Corporation
[    0.815181] Fusion MPT SPI Host driver 3.04.20
[    0.831554] AVX2 version of gcm_enc/dec engaged.
[    0.832175] AES CTR mode by8 optimization enabled
[    0.848708] vboxvideo: loading out-of-tree module taints kernel.
[    0.849468] vboxvideo: module verification failed: signature and/or required key missing - tainting kernel
[    1.013937] input: ImExPS/2 Generic Explorer Mouse as /devices/platform/i8042/serio1/input/input4
[    1.186960] e1000 0000:00:03.0 eth0: (PCI:33MHz:32-bit) 02:7d:29:b6:4b:3c
[    1.187843] e1000 0000:00:03.0 eth0: Intel(R) PRO/1000 Network Connection
[    1.189250] mptbase: ioc0: Initiating bringup
[    1.284138] ioc0: LSI53C1030 A0: Capabilities={Initiator}
[    1.524700] scsi host2: ioc0: LSI53C1030 A0, FwRev=00000000h, Ports=1, MaxQ=256, IRQ=20
[    1.692178] scsi 2:0:0:0: Direct-Access     VBOX     HARDDISK         1.0  PQ: 0 ANSI: 5
[    1.693188] scsi target2:0:0: Beginning Domain Validation
[    1.694432] [drm] VRAM 01000000
[    1.695259] [TTM] Zone  kernel: Available graphics memory: 504390 kiB
[    1.696010] [TTM] Initializing pool allocator
[    1.696557] [TTM] Initializing DMA pool allocator
[    1.697372] scsi target2:0:0: Domain Validation skipping write tests
[    1.698090] scsi target2:0:0: Ending Domain Validation
[    1.698709] scsi target2:0:0: asynchronous
[    1.699218] random: fast init done
[    1.699664] random: systemd-udevd: uninitialized urandom read (16 bytes read)
[    1.700516] random: systemd-udevd: uninitialized urandom read (16 bytes read)
[    1.701500] scsi 2:0:1:0: Direct-Access     VBOX     HARDDISK         1.0  PQ: 0 ANSI: 5
[    1.702437] scsi target2:0:1: Beginning Domain Validation
[    1.703086] random: systemd-udevd: uninitialized urandom read (16 bytes read)
[    1.704423] scsi target2:0:1: Domain Validation skipping write tests
[    1.705150] scsi target2:0:1: Ending Domain Validation
[    1.706737] scsi target2:0:1: asynchronous
[    1.707297] fbcon: vboxdrmfb (fb0) is primary device
[    1.708630] Console: switching to colour frame buffer device 100x37
[    1.710460] vboxvideo 0000:00:02.0: fb0: vboxdrmfb frame buffer device
[    1.711069] [drm] Initialized vboxvideo 1.0.0 20130823 for 0000:00:02.0 on minor 0
[    1.713831] sd 2:0:0:0: Attached scsi generic sg0 type 0
[    1.714386] sd 2:0:0:0: [sda] 20971520 512-byte logical blocks: (10.7 GB/10.0 GiB)
[    1.715105] sd 2:0:0:0: [sda] Write Protect is off
[    1.715930] sd 2:0:1:0: [sdb] 20480 512-byte logical blocks: (10.5 MB/10.0 MiB)
[    1.716800] sd 2:0:0:0: [sda] Incomplete mode parameter data
[    1.717452] sd 2:0:0:0: [sda] Assuming drive cache: write through
[    1.718130] sd 2:0:1:0: [sdb] Write Protect is off
[    1.721109] sd 2:0:1:0: Attached scsi generic sg1 type 0
[    1.724215] sd 2:0:1:0: [sdb] Incomplete mode parameter data
[    1.725014] sd 2:0:1:0: [sdb] Assuming drive cache: write through
[    1.743122]  sda: sda1
[    1.744239] sd 2:0:0:0: [sda] Attached SCSI disk
[    1.807369] sd 2:0:1:0: [sdb] Attached SCSI disk
[    2.082975] e1000 0000:00:08.0 eth1: (PCI:33MHz:32-bit) 08:00:27:15:5d:b2
[    2.083758] e1000 0000:00:08.0 eth1: Intel(R) PRO/1000 Network Connection
[    2.085584] e1000 0000:00:08.0 enp0s8: renamed from eth1
[    2.088472] e1000 0000:00:03.0 enp0s3: renamed from eth0
Begin: Loading essential drivers ... [    2.218767] raid6: sse2x1   gen() 14624 MB/s
[    2.268764] raid6: sse2x1   xor()  9738 MB/s
[    2.328795] raid6: sse2x2   gen() 15271 MB/s
[    2.380051] raid6: sse2x2   xor()  9648 MB/s
[    2.438768] raid6: sse2x4   gen() 19024 MB/s
[    2.488770] raid6: sse2x4   xor() 11634 MB/s
[    2.538579] raid6: avx2x1   gen() 24932 MB/s
[    2.598768] raid6: avx2x1   xor() 20106 MB/s
[    2.648761] raid6: avx2x2   gen() 31182 MB/s
[    2.708788] raid6: avx2x2   xor() 20564 MB/s
[    2.760118] raid6: avx2x4   gen() 31510 MB/s
[    2.818741] raid6: avx2x4   xor() 24539 MB/s
[    2.819347] raid6: using algorithm avx2x4 gen() 31510 MB/s
[    2.820050] raid6: .... xor() 24539 MB/s, rmw enabled
[    2.820726] raid6: using avx2x2 recovery algorithm
[    2.822823] xor: automatically using best checksumming function   avx       
[    2.824950] async_tx: api initialized (async)
done.
Begin: Running /scripts/init-premount ... done.
Begin: Mounting root file system ... Begin: Running /scripts/local-top ... done.
Begin: Running /scripts/local-premount ... [    2.867824] Btrfs loaded, crc32c=crc32c-intel
Scanning for Btrfs filesystems
done.
Warning: fsck not present, so skipping root file system
[    2.920870] EXT4-fs (sda1): mounted filesystem with ordered data mode. Opts: (null)
done.
Begin: Running /scripts/local-bottom ... done.
Begin: Running /scripts/init-bottom ... done.
[    3.565571] ip_tables: (C) 2000-2006 Netfilter Core Team
[    3.612629] systemd[1]: systemd 237 running in system mode. (+PAM +AUDIT +SELINUX +IMA +APPARMOR +SMACK +SYSVINIT +UTMP +LIBCRYPTSETUP +GCRYPT +GNUTLS +ACL +XZ +LZ4 +SECCOMP +BLKID +ELFUTILS +KMOD -IDN2 +IDN -PCRE2 default-hierarchy=hybrid)
[    3.615143] systemd[1]: Detected virtualization oracle.
[    3.615826] systemd[1]: Detected architecture x86-64.

Welcome to [1mUbuntu 18.04.5 LTS[0m!

[    3.642086] systemd[1]: Set hostname to <ubuntu>.
[    4.589824] systemd[1]: Reached target User and Group Name Lookups.
[[0;32m  OK  [0m] Reached target User and Group Name Lookups.
[    4.591396] systemd[1]: Reached target Swap.
[[0;32m  OK  [0m] Reached target Swap.
[    4.592987] systemd[1]: Created slice System Slice.
[[0;32m  OK  [0m] Created slice System Slice.
[    4.594226] systemd[1]: Listening on udev Control Socket.
[[0;32m  OK  [0m] Listening on udev Control Socket.
[    4.595506] systemd[1]: Listening on LVM2 metadata daemon socket.
[[0;32m  OK  [0m] Listening on LVM2 metadata daemon socket.
[    4.596867] systemd[1]: Listening on udev Kernel Socket.
[[0;32m  OK  [0m] Listening on udev Kernel Socket.
[[0;32m  OK  [0m] Listening on Device-mapper event daemon FIFOs.
[[0;32m  OK  [0m] Listening on Network Service Netlink Socket.
[[0;32m  OK  [0m] Started Forward Password Requests to Wall Directory Watch.
[[0;32m  OK  [0m] Listening on Journal Audit Socket.
[[0;32m  OK  [0m] Listening on Journal Socket (/dev/log).
[[0;32m  OK  [0m] Listening on Syslog Socket.
[[0;32m  OK  [0m] Listening on /dev/initctl Compatibility Named Pipe.
[[0;32m  OK  [0m] Listening on LVM2 poll daemon socket.
[[0;32m  OK  [0m] Created slice User and Session Slice.
[[0;32m  OK  [0m] Reached target Slices.
[[0;32m  OK  [0m] Listening on Journal Socket.
         Starting udev Coldplug all Devices...
         Mounting Huge Pages File System...
         Starting Journal Service...
         Starting Set the console keyboard layout...
         Starting Remount Root and Kernel File Systems...
         Starting Monitoring of LVM2 mirrors…ng dmeventd or progress polling...
         Mounting Kernel Debug File System...
         Starting Load Kernel Modules...
         Mounting POSIX Message Queue File System...
         Starting Uncomplicated firewall...
         Starting Create list of required st…ce nodes for the current kernel...
[[0;32m  OK  [0m] Reached target System Time Synchronized.
[[0;32m  OK  [0m] Created slice system-serial\x2dgetty.slice.
[[0;32m  OK  [0m[    4.702498] random: crng init done
[    4.703061] random: 7 urandom warning(s) missed due to ratelimiting
] Set up automount Arbitrary Executab…rmats File System Automount Point.
[[0;32m  OK  [0m] Started Journal Service.
[[0;32m  OK  [0m] Mounted Huge Pages File System.
[[0;32m  OK  [0m] Mounted Kernel Debug File System.
[[0;32m  OK  [0m] Mounted POSIX Message Queue File System.
[[0;32m  OK  [0m] Started Uncomplicated firewall.
[[0;32m  OK  [0m] Started Create list of required sta…vice nodes for the current kernel.
         Starting Create Static Device Nodes in /dev...
[[0;32m  OK  [0m] Started udev Coldplug all Devices.
[    4.864825] EXT4-fs (sda1): re-mounted. Opts: (null)
[[0;32m  OK  [0m] Started Remount Root and Kernel File Systems.
         Starting Load/Save Random Seed...
         Starting Flush Journal to Persistent Storage...
[[0;32m  OK  [0m] Started Load/Save Random Seed.
[[0;32m  OK  [0m] Started LVM2 metadata daemon.
[    5.045879] Loading iSCSI transport class v2.0-870.
[    5.059471] systemd-journald[412]: Received request to flush runtime journal from PID 1
[    5.121628] iscsi: registered transport (tcp)
[[0;32m  OK  [0m] Started Set the console keyboard layout.
[[0;32m  OK  [0m] Started Create Static Device Nodes in /dev.
         Starting udev Kernel Device Manager...
[[0;32m  OK  [0m] Started Monitoring of LVM2 mirrors,…sing dmeventd or progress polling.
[[0;32m  OK  [0m] Reached target Local File Systems (Pre).
[[0;32m  OK  [0m] Reached target Local File Systems.
         Starting Set console font and keymap...
         Starting Tell Plymouth To Write Out Runtime Data...
         Starting AppArmor initialization...
         Starting ebtables ruleset management...
[    5.245720] iscsi: registered transport (iser)
[[0;32m  OK  [0m] Started Load Kernel Modules.
         Mounting Kernel Configuration File System...
         Starting Apply Kernel Variables...
         Mounting FUSE Control File System...
[[0;32m  OK  [0m] Mounted Kernel Configuration File System.
[[0;32m  OK  [0m] Mounted FUSE Control File System.
[[0;32m  OK  [0m] Started udev Kernel Device Manager.
[[0;32m  OK  [0m] Started Dispatch Password Requests to Console Directory Watch.
[[0;32m  OK  [0m] Reached target Local Encrypted Volumes.
[[0;32m  OK  [0m] Started Set console font and keymap.
[[0;32m  OK  [0m] Started Tell Plymouth To Write Out Runtime Data.
[    5.615572] ACPI: Video Device [GFX0] (multi-head: yes  rom: no  post: no)
[    5.616674] input: Video Bus as /devices/LNXSYSTM:00/LNXSYBUS:00/PNP0A03:00/LNXVIDEO:00/input/input5
[[0;32m  OK  [0m] Found device /dev/ttyS0.
[[0;32m  OK  [0m] Started Apply Kernel Variables.
[[0;32m  OK  [0m] Listening on Load/Save RF Kill Switch Status /dev/rfkill Watch.
[[0;32m  OK  [0m] Started Flush Journal to Persistent Storage.
         Starting Create Volatile Files and Directories...
[[0;32m  OK  [0m] Started ebtables ruleset management.
[[0;32m  OK  [0m] Started Create Volatile Files and Directories.
         Starting Update UTMP about System Boot/Shutdown...
[[0;32m  OK  [0m] Started Update UTMP about System Boot/Shutdown.
[[0;32m  OK  [0m] Started AppArmor initialization.
         Starting Initial cloud-init job (pre-networking)...
         Starting Load AppArmor profiles managed internally by snapd...
[[0;32m  OK  [0m] Started Load AppArmor profiles managed internally by snapd.
[   10.400696] cloud-init[626]: Cloud-init v. 20.3-2-g371b392c-0ubuntu1~18.04.1 running 'init-local' at Thu, 22 Oct 2020 14:49:17 +0000. Up 9.81 seconds.
[[0;32m  OK  [0m] Started Initial cloud-init job (pre-networking).
[[0;32m  OK  [0m] Reached target Network (Pre).
         Starting Network Service...
[[0;32m  OK  [0m] Started Network Service.
         Starting Network Name Resolution...
         Starting Wait for Network to be Configured...
[[0;32m  OK  [0m] Started Network Name Resolution.
[[0;32m  OK  [0m] Reached target Host and Network Name Lookups.
[[0;32m  OK  [0m] Reached target Network.
[[0;32m  OK  [0m] Started Wait for Network to be Configured.
         Starting Initial cloud-init job (metadata service crawler)...
[   12.454806] cloud-init[727]: Cloud-init v. 20.3-2-g371b392c-0ubuntu1~18.04.1 running 'init' at Thu, 22 Oct 2020 14:49:20 +0000. Up 12.30 seconds.
[   12.456856] cloud-init[727]: ci-info: ++++++++++++++++++++++++++++++++++++++Net device info+++++++++++++++++++++++++++++++++++++++
[   12.457684] cloud-init[727]: ci-info: +--------+------+-----------------------------+---------------+--------+-------------------+
[   12.458684] cloud-init[727]: ci-info: | Device |  Up  |           Address           |      Mask     | Scope  |     Hw-Address    |
[   12.461204] cloud-init[727]: ci-info: +--------+------+-----------------------------+---------------+--------+-------------------+
[   12.462613] cloud-init[727]: ci-info: | enp0s3 | True |          10.0.2.15          | 255.255.255.0 | global | 02:7d:29:b6:4b:3c |
[   12.463623] cloud-init[727]: ci-info: | enp0s3 | True |  fe80::7d:29ff:feb6:4b3c/64 |       .       |  link  | 02:7d:29:b6:4b:3c |
[   12.464634] cloud-init[727]: ci-info: | enp0s8 | True |        192.168.121.13       | 255.255.255.0 | global | 08:00:27:15:5d:b2 |
[   12.465627] cloud-init[727]: ci-info: | enp0s8 | True | fe80::a00:27ff:fe15:5db2/64 |       .       |  link  | 08:00:27:15:5d:b2 |
[   12.466630] cloud-init[727]: ci-info: |   lo   | True |          127.0.0.1          |   255.0.0.0   |  host  |         .         |
[   12.467615] cloud-init[727]: ci-info: |   lo   | True |           ::1/128           |       .       |  host  |         .         |
[   12.468630] cloud-init[727]: ci-info: +--------+------+-----------------------------+---------------+--------+-------------------+
[   12.469613] cloud-init[727]: ci-info: +++++++++++++++++++++++++++++Route IPv4 info++++++++++++++++++++++++++++++
[   12.470513] cloud-init[727]: ci-info: +-------+---------------+----------+-----------------+-----------+-------+
[   12.471700] cloud-init[727]: ci-info: | Route |  Destination  | Gateway  |     Genmask     | Interface | Flags |
[   12.473104] cloud-init[727]: ci-info: +-------+---------------+----------+-----------------+-----------+-------+
[   12.474350] cloud-init[727]: ci-info: |   0   |    0.0.0.0    | 10.0.2.2 |     0.0.0.0     |   enp0s3  |   UG  |
[   12.475207] cloud-init[727]: ci-info: |   1   |    10.0.2.0   | 0.0.0.0  |  255.255.255.0  |   enp0s3  |   U   |
[   12.476063] cloud-init[727]: ci-info: |   2   |    10.0.2.2   | 0.0.0.0  | 255.255.255.255 |   enp0s3  |   UH  |
[   12.476961] cloud-init[727]: ci-info: |   3   | 192.168.121.0 | 0.0.0.0  |  255.255.255.0  |   enp0s8  |   U   |
[   12.477808] cloud-init[727]: ci-info: +-------+---------------+----------+-----------------+-----------+-------+
[   12.478673] cloud-init[727]: ci-info: +++++++++++++++++++Route IPv6 info+++++++++++++++++++
[   12.479407] cloud-init[727]: ci-info: +-------+-------------+---------+-----------+-------+
[   12.480469] cloud-init[727]: ci-info: | Route | Destination | Gateway | Interface | Flags |
[   12.481215] cloud-init[727]: ci-info: +-------+-------------+---------+-----------+-------+
[   12.481946] cloud-init[727]: ci-info: |   1   |  fe80::/64  |    ::   |   enp0s3  |   U   |
[   12.482703] cloud-init[727]: ci-info: |   2   |  fe80::/64  |    ::   |   enp0s8  |   U   |
[   12.486221] cloud-init[727]: ci-info: |   4   |    local    |    ::   |   enp0s3  |   U   |
[   12.487557] cloud-init[727]: ci-info: |   5   |    local    |    ::   |   enp0s8  |   U   |
[   12.488431] cloud-init[727]: ci-info: |   6   |   ff00::/8  |    ::   |   enp0s3  |   U   |
[   12.489407] cloud-init[727]: ci-info: |   7   |   ff00::/8  |    ::   |   enp0s8  |   U   |
[   12.490451] cloud-init[727]: ci-info: +-------+-------------+---------+-----------+-------+
[[0;32m  OK  [0m] Started Initial cloud-init job (metadata service crawler).
[[0;32m  OK  [0m] Reached target Network is Online.
[[0;32m  OK  [0m] Reached target Remote File Systems (Pre).
[[0;32m  OK  [0m] Reached target Remote File Systems.
         Starting Availability of block devices...
[[0;32m  OK  [0m] Reached target System Initialization.
[[0;32m  OK  [0m] Started Daily apt download activities.
         Starting LXD - unix socket.
[[0;32m  OK  [0m] Started Daily apt upgrade and clean activities.
[[0;32m  OK  [0m] Listening on Open-iSCSI iscsid Socket.
[[0;32m  OK  [0m] Listening on D-Bus System Message Bus Socket.
[[0;32m  OK  [0m] Started Discard unused blocks once a week.
[[0;32m  OK  [0m] Started ACPI Events Check.
[[0;32m  OK  [0m] Reached target Paths.
[[0;32m  OK  [0m] Listening on UUID daemon activation socket.
[[0;32m  OK  [0m] Started Daily Cleanup of Temporary Directories.
         Starting Socket activation for snappy daemon.
[[0;32m  OK  [0m] Listening on ACPID Listen Socket.
[[0;32m  OK  [0m] Started Message of the Day.
[[0;32m  OK  [0m] Reached target Timers.
[[0;32m  OK  [0m] Reached target Cloud-config availability.
[[0;32m  OK  [0m] Started Availability of block devices.
[[0;32m  OK  [0m] Listening on LXD - unix socket.
[[0;32m  OK  [0m] Listening on Socket activation for snappy daemon.
[[0;32m  OK  [0m] Reached target Sockets.
[[0;32m  OK  [0m] Reached target Basic System.
         Starting System Logging Service...
[[0;32m  OK  [0m] Started FUSE filesystem for LXC.
         Starting OpenBSD Secure Shell server...
[[0;32m  OK  [0m] Started Deferred execution scheduler.
         Starting Accounts Service...
         Starting LSB: Record successful boot for GRUB...
[[0;32m  OK  [0m] Started Regular background program processing daemon.
[[0;32m  OK  [0m] Started D-Bus System Message Bus.
         Starting Dispatcher daemon for systemd-networkd...
         Starting vboxadd.service...
         Starting Snap Daemon...
         Starting LXD - container startup/shutdown...
         Starting LSB: automatic crash report generation...
         Starting Permit User Sessions...
[[0;32m  OK  [0m] Started irqbalance daemon.
         Starting Login Service...
[[0;32m  OK  [0m] Started System Logging Service.
[[0;32m  OK  [0m] Started OpenBSD Secure Shell server.
[[0;32m  OK  [0m] Started Permit User Sessions.
         Starting Hold until boot process finishes up...
         Starting Terminate Plymouth Boot Screen...
         Starting Authorization Manager...
[[0;32m  OK  [0m] Started Hold until boot process finishes up.
         Starting Set console scheme...
[[0;32m  OK  [0m] Started Serial Getty on ttyS0.
[[0;32m  OK  [0m] Started Terminate Plymouth Boot Screen.
[[0;32m  OK  [0m] Started Set console scheme.
[[0;32m  OK  [0m] Created slice system-getty.slice.
[[0;32m  OK  [0m] Started Getty on tty1.
[[0;32m  OK  [0m] Reached target Login Prompts.
[[0;32m  OK  [0m] Started Login Service.
[[0;32m  OK  [0m] Started Unattended Upgrades Shutdown.
[[0;32m  OK  [0m] Started Authorization Manager.
[[0;32m  OK  [0m] Started Accounts Service.
[[0;32m  OK  [0m] Started LSB: Record successful boot for GRUB.
[[0;32m  OK  [0m] Started LSB: automatic crash report generation.
[[0;32m  OK  [0m] Started Dispatcher daemon for systemd-networkd.
[[0;32m  OK  [0m] Created slice User Slice of vagrant.
[[0;32m  OK  [0m] Started Session 1 of user vagrant.
         Starting User Manager for UID 1000...
[[0;32m  OK  [0m] Started LXD - container startup/shutdown.
[[0;32m  OK  [0m] Started Snap Daemon.
         Starting Wait until snapd is fully seeded...
[[0;32m  OK  [0m] Started Wait until snapd is fully seeded.
         Starting Apply the settings specified in cloud-config...
[[0;32m  OK  [0m] Started User Manager for UID 1000.
[[0;32m  OK  [0m] Started Apply the settings specified in cloud-config.
[   18.619102] cloud-init[1226]: Cloud-init v. 20.3-2-g371b392c-0ubuntu1~18.04.1 running 'modules:config' at Thu, 22 Oct 2020 14:49:25 +0000. Up 17.94 seconds.

Ubuntu 18.04.5 LTS ubuntu ttyS0

ubuntu login: [   20.485041] cloud-init[1391]: Cloud-init v. 20.3-2-g371b392c-0ubuntu1~18.04.1 running 'modules:final' at Thu, 22 Oct 2020 14:49:28 +0000. Up 20.35 seconds.
[   20.486775] cloud-init[1391]: Cloud-init v. 20.3-2-g371b392c-0ubuntu1~18.04.1 finished at Thu, 22 Oct 2020 14:49:28 +0000. Datasource DataSourceNoCloud [seed=/dev/sdb][dsmode=net].  Up 20.47 seconds
